Unity Editor version:    2020.3.27f1 (e759542391ea)
Branch:                  2020.3/release
Build type:              Release
Batch mode:              YES
macOS version:           Version 11.7.6 (Build 20G1231)
Darwin version:          20.6.0
Architecture:            x86_64
Running under Rosetta:   NO
Available memory:        16384 MB
Using pre-set license
Pro License: NO

COMMAND LINE ARGUMENTS:
/Applications/Unity/Hub/Editor/2020.3.27f1/Unity.app/Contents/MacOS/Unity
-adb2
-batchMode
-noUpm
-name
AssetImportWorker0
-projectPath
/Users/xavierarpa/Desktop/UniFlux Showcase copia
-logFile
Logs/AssetImportWorker0.log
-srvPort
57075
Successfully changed project path to: /Users/xavierarpa/Desktop/UniFlux Showcase copia
/Users/xavierarpa/Desktop/UniFlux Showcase copia
Using Asset Import Pipeline V2.
Refreshing native plugins compatible for Editor in 26.45 ms, found 0 plugins.
Preloading 0 native plugins for Editor in 0.00 ms.
Initialize engine version: 2020.3.27f1 (e759542391ea)
[Subsystems] Discovering subsystems at path /Applications/Unity/Hub/Editor/2020.3.27f1/Unity.app/Contents/Resources/UnitySubsystems
[Subsystems] Discovering subsystems at path /Users/xavierarpa/Desktop/UniFlux Showcase copia/Assets
GfxDevice: creating device client; threaded=0
2023-05-09 00:28:34.840 Unity[17958:371490] Color LCD preferred device: Intel Iris Graphics (low power)
2023-05-09 00:28:34.840 Unity[17958:371490] Metal devices available: 1
2023-05-09 00:28:34.840 Unity[17958:371490] 0: Intel Iris Graphics (low power)
2023-05-09 00:28:34.841 Unity[17958:371490] Using device Intel Iris Graphics (low power)
Initializing Metal device caps: Intel Iris Graphics
Initialize mono
Mono path[0] = '/Applications/Unity/Hub/Editor/2020.3.27f1/Unity.app/Contents/Managed'
Mono path[1] = '/Applications/Unity/Hub/Editor/2020.3.27f1/Unity.app/Contents/MonoBleedingEdge/lib/mono/unityjit'
Mono config path = '/Applications/Unity/Hub/Editor/2020.3.27f1/Unity.app/Contents/MonoBleedingEdge/etc'
Using monoOptions --debugger-agent=transport=dt_socket,embedding=1,server=y,suspend=n,address=127.0.0.1:56958
Begin MonoManager ReloadAssembly
Registering precompiled unity dll's ...
Register platform support module: /Applications/Unity/Hub/Editor/2020.3.27f1/PlaybackEngines/WebGLSupport/UnityEditor.WebGL.Extensions.dll
Register platform support module: /Applications/Unity/Hub/Editor/2020.3.27f1/Unity.app/Contents/PlaybackEngines/MacStandaloneSupport/UnityEditor.OSXStandalone.Extensions.dll
Register platform support module: /Applications/Unity/Hub/Editor/2020.3.27f1/PlaybackEngines/WindowsStandaloneSupport/UnityEditor.WindowsStandalone.Extensions.dll
Registered in 0.001256 seconds.
Native extension for WindowsStandalone target not found
Native extension for OSXStandalone target not found
Native extension for WebGL target not found
Refreshing native plugins compatible for Editor in 30.68 ms, found 0 plugins.
Preloading 0 native plugins for Editor in 0.00 ms.
Mono: successfully reloaded assembly
- Completed reload, in  0.988 seconds
Domain Reload Profiling:
	ReloadAssembly (988ms)
		BeginReloadAssembly (71ms)
			ExecutionOrderSort (0ms)
			DisableScriptedObjects (0ms)
			BackupInstance (0ms)
			ReleaseScriptingObjects (0ms)
			CreateAndSetChildDomain (1ms)
		EndReloadAssembly (790ms)
			LoadAssemblies (70ms)
			RebuildTransferFunctionScriptingTraits (0ms)
			SetupTypeCache (327ms)
			ReleaseScriptCaches (0ms)
			RebuildScriptCaches (60ms)
			SetupLoadedEditorAssemblies (274ms)
				LogAssemblyErrors (0ms)
				InitializePlatformSupportModulesInManaged (10ms)
				SetLoadedEditorAssemblies (1ms)
				RefreshPlugins (31ms)
				BeforeProcessingInitializeOnLoad (15ms)
				ProcessInitializeOnLoadAttributes (170ms)
				ProcessInitializeOnLoadMethodAttributes (47ms)
				AfterProcessingInitializeOnLoad (0ms)
				EditorAssembliesLoaded (0ms)
			ExecutionOrderSort2 (0ms)
			AwakeInstancesAfterBackupRestoration (0ms)
Platform modules already initialized, skipping
Registering precompiled user dll's ...
Registered in 0.000628 seconds.
Begin MonoManager ReloadAssembly
Native extension for WindowsStandalone target not found
Native extension for OSXStandalone target not found
Native extension for WebGL target not found
Refreshing native plugins compatible for Editor in 29.70 ms, found 0 plugins.
Preloading 0 native plugins for Editor in 0.00 ms.
Mono: successfully reloaded assembly
- Completed reload, in  1.416 seconds
Domain Reload Profiling:
	ReloadAssembly (1417ms)
		BeginReloadAssembly (260ms)
			ExecutionOrderSort (0ms)
			DisableScriptedObjects (7ms)
			BackupInstance (0ms)
			ReleaseScriptingObjects (0ms)
			CreateAndSetChildDomain (57ms)
		EndReloadAssembly (1054ms)
			LoadAssemblies (118ms)
			RebuildTransferFunctionScriptingTraits (0ms)
			SetupTypeCache (376ms)
			ReleaseScriptCaches (0ms)
			RebuildScriptCaches (80ms)
			SetupLoadedEditorAssemblies (298ms)
				LogAssemblyErrors (0ms)
				InitializePlatformSupportModulesInManaged (6ms)
				SetLoadedEditorAssemblies (0ms)
				RefreshPlugins (30ms)
				BeforeProcessingInitializeOnLoad (85ms)
				ProcessInitializeOnLoadAttributes (166ms)
				ProcessInitializeOnLoadMethodAttributes (9ms)
				AfterProcessingInitializeOnLoad (2ms)
				EditorAssembliesLoaded (0ms)
			ExecutionOrderSort2 (0ms)
			AwakeInstancesAfterBackupRestoration (9ms)
Platform modules already initialized, skipping
Validating Project structure ... 0.001195 seconds.
Shader import version has changed; will reimport all shaders...
Upgrading shader files ...0.001551 seconds.
Application.AssetDatabase Initial Script Refresh Start
RefreshInfo: InitialScriptRefreshV2(NoUpdateAssetOptions) scanfilter:  ... 1 filters
RefreshProfiler: Total: 0.000ms
Application.AssetDatabase Initial Script Refresh End
Application.AssetDatabase.Refresh Start
Application.AssetDatabase.Refresh End
RefreshInfo: StopAssetImportingV2(ForceSynchronousImport) scanfilter: 
RefreshProfiler: Total: 0.000ms
Launching external process: /Applications/Unity/Hub/Editor/2020.3.27f1/Unity.app/Contents/Tools/UnityShaderCompiler
Launched and connected shader compiler UnityShaderCompiler after 0.01 seconds
Initializing Unity extensions:
========================================================================
Worker process is ready to serve import requests
Refreshing native plugins compatible for Editor in 0.50 ms, found 0 plugins.
Preloading 0 native plugins for Editor in 0.00 ms.
Unloading 1533 Unused Serialized files (Serialized files now loaded: 0)
System memory in use before: 181.7 MB.
System memory in use after: 180.8 MB.

Unloading 110 unused Assets to reduce memory usage. Loaded Objects now: 2011.
Total: 4.327945 ms (FindLiveObjects: 0.226655 ms CreateObjectMapping: 0.147673 ms MarkObjects: 3.210961 ms  DeleteObjects: 0.741381 ms)

AssetImportParameters requested are different than current active one (requested -> active):
  custom:video-decoder-ogg-theora: a1e56fd34408186e4bbccfd4996cb3dc -> 
  custom:container-muxer-webm: aa71ff27fc2769a1b78a27578f13a17b -> 
  custom:container-demuxer-webm: 4f35f7cbe854078d1ac9338744f61a02 -> 
  custom:container-demuxer-ogg: 62fdf1f143b41e24485cea50d1cbac27 -> 
  custom:video-encoder-webm-vp8: eb34c28f22e8b96e1ab97ce403110664 -> 
  custom:framework-osx-AVFoundation: e770b220cccbd017edd2c1fefb359320 -> 
  custom:video-decoder-webm-vp8: 9c59270c3fd7afecdb556c50c9e8de78 -> 
  custom:audio-decoder-ogg-vorbis: bf7c407c2cedff20999df2af8eb42d56 -> 
  custom:audio-encoder-webm-vorbis: bf7c407c2cedff20999df2af8eb42d56 -> 
========================================================================
Received Import Request.
  path: Assets/Resources/BillingMode.json
  artifactKey: Guid(f349fd090da854120b6eaae07ee3621f) Importer(815301076,1909f56bfc062723c751e8b465ee728b)
Start importing Assets/Resources/BillingMode.json using Guid(f349fd090da854120b6eaae07ee3621f) Importer(815301076,1909f56bfc062723c751e8b465ee728b)  -> (artifact id: '2a2b44e85abc3fc013a40a4a6cf048a6') in 0.444012 seconds 
  Import took 0.451761 seconds .

========================================================================
Received Import Request.
  Time since last request: 0.000369 seconds.
  path: Assets/Resources
  artifactKey: Guid(c1167f5df77574a36bc99ff3beae1838) Importer(815301076,1909f56bfc062723c751e8b465ee728b)
Start importing Assets/Resources using Guid(c1167f5df77574a36bc99ff3beae1838) Importer(815301076,1909f56bfc062723c751e8b465ee728b)  -> (artifact id: '03d7476ff14cb0c022378db466bedbfc') in 0.001707 seconds 
  Import took 0.006420 seconds .

========================================================================
Received Import Request.
  Time since last request: 1.528350 seconds.
  path: Assets
  artifactKey: Guid(00000000000000001000000000000000) Importer(815301076,1909f56bfc062723c751e8b465ee728b)
Start importing Assets using Guid(00000000000000001000000000000000) Importer(815301076,1909f56bfc062723c751e8b465ee728b)  -> (artifact id: '42d402b061de3733987d63b9cc3b64de') in 0.001877 seconds 
  Import took 0.007843 seconds .

========================================================================
Received Import Request.
  Time since last request: 0.352281 seconds.
  path: Assets/Source/Code
  artifactKey: Guid(20863f7535e3f48d0b6d4a4cf3bd96bd) Importer(815301076,1909f56bfc062723c751e8b465ee728b)
Start importing Assets/Source/Code using Guid(20863f7535e3f48d0b6d4a4cf3bd96bd) Importer(815301076,1909f56bfc062723c751e8b465ee728b)  -> (artifact id: '637d0f4b22d2d19d2d661fcfdf0e818b') in 0.001922 seconds 
  Import took 0.008403 seconds .

========================================================================
Received Import Request.
  Time since last request: 0.166823 seconds.
  path: Assets/Source/ScriptableObjects
  artifactKey: Guid(0735c275001a2c84dafdb30deced5d8d) Importer(815301076,1909f56bfc062723c751e8b465ee728b)
Start importing Assets/Source/ScriptableObjects using Guid(0735c275001a2c84dafdb30deced5d8d) Importer(815301076,1909f56bfc062723c751e8b465ee728b)  -> (artifact id: '60841aa7fc4bbe34f59678e6483d532b') in 0.004301 seconds 
  Import took 0.011523 seconds .

========================================================================
Received Import Request.
  Time since last request: 0.522085 seconds.
  path: Assets/Source/ScriptableObjects/ForwardRenderer.asset
  artifactKey: Guid(4a8e21d5c33334b11b34a596161b9360) Importer(815301076,1909f56bfc062723c751e8b465ee728b)
Start importing Assets/Source/ScriptableObjects/ForwardRenderer.asset using Guid(4a8e21d5c33334b11b34a596161b9360) Importer(815301076,1909f56bfc062723c751e8b465ee728b)  -> (artifact id: '6ba6971f334922c3f1b8a45a124b9d62') in 1.105362 seconds 
  Import took 1.112259 seconds .

========================================================================
Received Import Request.
  Time since last request: 0.000377 seconds.
  path: Assets/Source/ScriptableObjects/UniversalRP-LowQuality.asset
  artifactKey: Guid(a31e9f9f9c9d4b9429ed0d1234e22103) Importer(815301076,1909f56bfc062723c751e8b465ee728b)
Start importing Assets/Source/ScriptableObjects/UniversalRP-LowQuality.asset using Guid(a31e9f9f9c9d4b9429ed0d1234e22103) Importer(815301076,1909f56bfc062723c751e8b465ee728b)  -> (artifact id: 'f149f1c85a2f6ef1a90a6770793cfe99') in 0.046146 seconds 
  Import took 0.051085 seconds .

========================================================================
Received Import Request.
  Time since last request: 5.078640 seconds.
  path: Assets/Source/Code/Modules
  artifactKey: Guid(ac61c476a4c564ffbb93f63a6202c9ba) Importer(815301076,1909f56bfc062723c751e8b465ee728b)
Start importing Assets/Source/Code/Modules using Guid(ac61c476a4c564ffbb93f63a6202c9ba) Importer(815301076,1909f56bfc062723c751e8b465ee728b)  -> (artifact id: '4bcfff668c622853a3db95364c70c1b1') in 0.001807 seconds 
  Import took 0.008817 seconds .

========================================================================
Received Import Request.
  Time since last request: 0.509849 seconds.
  path: Assets/Source/Code/Service
  artifactKey: Guid(68d1e3e5a328b4293bfeb78ac67cce61) Importer(815301076,1909f56bfc062723c751e8b465ee728b)
Start importing Assets/Source/Code/Service using Guid(68d1e3e5a328b4293bfeb78ac67cce61) Importer(815301076,1909f56bfc062723c751e8b465ee728b)  -> (artifact id: 'a975c39fe1c2a9a40f055cbdd5c405c1') in 0.002331 seconds 
  Import took 0.009314 seconds .

========================================================================
Received Import Request.
  Time since last request: 1.164186 seconds.
  path: Assets/Source/Code/Modules/Bootstrap
  artifactKey: Guid(81ca5b7fb71d24a469177b5a5cfc2322) Importer(815301076,1909f56bfc062723c751e8b465ee728b)
Start importing Assets/Source/Code/Modules/Bootstrap using Guid(81ca5b7fb71d24a469177b5a5cfc2322) Importer(815301076,1909f56bfc062723c751e8b465ee728b)  -> (artifact id: 'c8faa23973fb3bef270976a367f3cc20') in 0.001441 seconds 
  Import took 0.006433 seconds .

========================================================================
Received Import Request.
  Time since last request: 0.694372 seconds.
  path: Assets/Source/Code/Modules/Bootstrap/Bootstrap.asmdef
  artifactKey: Guid(6cbea84aa9a914e809d243d379233909) Importer(815301076,1909f56bfc062723c751e8b465ee728b)
Start importing Assets/Source/Code/Modules/Bootstrap/Bootstrap.asmdef using Guid(6cbea84aa9a914e809d243d379233909) Importer(815301076,1909f56bfc062723c751e8b465ee728b)  -> (artifact id: 'd8e82ddc1def744292572f4cf28036c3') in 0.422135 seconds 
  Import took 0.428392 seconds .

========================================================================
Received Import Request.
  Time since last request: 0.125923 seconds.
  path: Assets/Source/Code/Modules/Bootstrap/Bootstrap.unity
  artifactKey: Guid(e3a6271214e6d48069e20bf8280db1ec) Importer(815301076,1909f56bfc062723c751e8b465ee728b)
Start importing Assets/Source/Code/Modules/Bootstrap/Bootstrap.unity using Guid(e3a6271214e6d48069e20bf8280db1ec) Importer(815301076,1909f56bfc062723c751e8b465ee728b)  -> (artifact id: '56a4b9ed5a8a4d1d639c96a8728657f2') in 0.002571 seconds 
  Import took 0.008500 seconds .

========================================================================
Received Prepare
Registering precompiled user dll's ...
Registered in 0.000978 seconds.
Begin MonoManager ReloadAssembly
Native extension for WindowsStandalone target not found
Native extension for OSXStandalone target not found
Native extension for WebGL target not found
Refreshing native plugins compatible for Editor in 0.39 ms, found 0 plugins.
Preloading 0 native plugins for Editor in 0.00 ms.
Mono: successfully reloaded assembly
- Completed reload, in  1.567 seconds
Domain Reload Profiling:
	ReloadAssembly (1568ms)
		BeginReloadAssembly (178ms)
			ExecutionOrderSort (0ms)
			DisableScriptedObjects (9ms)
			BackupInstance (0ms)
			ReleaseScriptingObjects (0ms)
			CreateAndSetChildDomain (81ms)
		EndReloadAssembly (1275ms)
			LoadAssemblies (117ms)
			RebuildTransferFunctionScriptingTraits (0ms)
			SetupTypeCache (411ms)
			ReleaseScriptCaches (1ms)
			RebuildScriptCaches (102ms)
			SetupLoadedEditorAssemblies (382ms)
				LogAssemblyErrors (0ms)
				InitializePlatformSupportModulesInManaged (8ms)
				SetLoadedEditorAssemblies (1ms)
				RefreshPlugins (0ms)
				BeforeProcessingInitializeOnLoad (140ms)
				ProcessInitializeOnLoadAttributes (222ms)
				ProcessInitializeOnLoadMethodAttributes (9ms)
				AfterProcessingInitializeOnLoad (2ms)
				EditorAssembliesLoaded (0ms)
			ExecutionOrderSort2 (0ms)
			AwakeInstancesAfterBackupRestoration (10ms)
Platform modules already initialized, skipping
Refreshing native plugins compatible for Editor in 0.42 ms, found 0 plugins.
Preloading 0 native plugins for Editor in 0.00 ms.
Unloading 1472 Unused Serialized files (Serialized files now loaded: 0)
System memory in use before: 188.5 MB.
System memory in use after: 188.6 MB.

Unloading 1 unused Assets to reduce memory usage. Loaded Objects now: 2011.
Total: 3.606429 ms (FindLiveObjects: 0.210038 ms CreateObjectMapping: 0.149010 ms MarkObjects: 3.232243 ms  DeleteObjects: 0.014092 ms)

AssetImportParameters requested are different than current active one (requested -> active):
  custom:video-decoder-ogg-theora: a1e56fd34408186e4bbccfd4996cb3dc -> 
  custom:container-muxer-webm: aa71ff27fc2769a1b78a27578f13a17b -> 
  custom:container-demuxer-webm: 4f35f7cbe854078d1ac9338744f61a02 -> 
  custom:container-demuxer-ogg: 62fdf1f143b41e24485cea50d1cbac27 -> 
  custom:video-encoder-webm-vp8: eb34c28f22e8b96e1ab97ce403110664 -> 
  custom:framework-osx-AVFoundation: e770b220cccbd017edd2c1fefb359320 -> 
  custom:video-decoder-webm-vp8: 9c59270c3fd7afecdb556c50c9e8de78 -> 
  custom:audio-decoder-ogg-vorbis: bf7c407c2cedff20999df2af8eb42d56 -> 
  custom:audio-encoder-webm-vorbis: bf7c407c2cedff20999df2af8eb42d56 -> 
========================================================================
Received Import Request.
  Time since last request: 68.269190 seconds.
  path: Assets/Source/Code/Modules/Player/Player.prefab
  artifactKey: Guid(02e86488bd46b3644a281a770fca84ba) Importer(815301076,1909f56bfc062723c751e8b465ee728b)
Start importing Assets/Source/Code/Modules/Player/Player.prefab using Guid(02e86488bd46b3644a281a770fca84ba) Importer(815301076,1909f56bfc062723c751e8b465ee728b)  -> (artifact id: '4b84792ea7c0c98e54899dcf64666fe6') in 0.951772 seconds 
  Import took 0.961899 seconds .

========================================================================
Received Prepare
Registering precompiled user dll's ...
Registered in 0.001573 seconds.
Begin MonoManager ReloadAssembly
Native extension for WindowsStandalone target not found
Native extension for OSXStandalone target not found
Native extension for WebGL target not found
Refreshing native plugins compatible for Editor in 0.35 ms, found 0 plugins.
Preloading 0 native plugins for Editor in 0.00 ms.
Mono: successfully reloaded assembly
- Completed reload, in  1.341 seconds
Domain Reload Profiling:
	ReloadAssembly (1342ms)
		BeginReloadAssembly (147ms)
			ExecutionOrderSort (0ms)
			DisableScriptedObjects (7ms)
			BackupInstance (0ms)
			ReleaseScriptingObjects (0ms)
			CreateAndSetChildDomain (63ms)
		EndReloadAssembly (1104ms)
			LoadAssemblies (115ms)
			RebuildTransferFunctionScriptingTraits (0ms)
			SetupTypeCache (320ms)
			ReleaseScriptCaches (1ms)
			RebuildScriptCaches (64ms)
			SetupLoadedEditorAssemblies (347ms)
				LogAssemblyErrors (0ms)
				InitializePlatformSupportModulesInManaged (8ms)
				SetLoadedEditorAssemblies (1ms)
				RefreshPlugins (0ms)
				BeforeProcessingInitializeOnLoad (115ms)
				ProcessInitializeOnLoadAttributes (212ms)
				ProcessInitializeOnLoadMethodAttributes (7ms)
				AfterProcessingInitializeOnLoad (3ms)
				EditorAssembliesLoaded (1ms)
			ExecutionOrderSort2 (0ms)
			AwakeInstancesAfterBackupRestoration (13ms)
Platform modules already initialized, skipping
Refreshing native plugins compatible for Editor in 0.30 ms, found 0 plugins.
Preloading 0 native plugins for Editor in 0.00 ms.
Unloading 1472 Unused Serialized files (Serialized files now loaded: 0)
System memory in use before: 193.5 MB.
System memory in use after: 193.6 MB.

Unloading 2 unused Assets to reduce memory usage. Loaded Objects now: 2018.
Total: 3.572696 ms (FindLiveObjects: 0.184421 ms CreateObjectMapping: 0.114722 ms MarkObjects: 3.249803 ms  DeleteObjects: 0.022608 ms)

AssetImportParameters requested are different than current active one (requested -> active):
  custom:video-decoder-ogg-theora: a1e56fd34408186e4bbccfd4996cb3dc -> 
  custom:container-muxer-webm: aa71ff27fc2769a1b78a27578f13a17b -> 
  custom:container-demuxer-webm: 4f35f7cbe854078d1ac9338744f61a02 -> 
  custom:container-demuxer-ogg: 62fdf1f143b41e24485cea50d1cbac27 -> 
  custom:video-encoder-webm-vp8: eb34c28f22e8b96e1ab97ce403110664 -> 
  custom:framework-osx-AVFoundation: e770b220cccbd017edd2c1fefb359320 -> 
  custom:video-decoder-webm-vp8: 9c59270c3fd7afecdb556c50c9e8de78 -> 
  custom:audio-decoder-ogg-vorbis: bf7c407c2cedff20999df2af8eb42d56 -> 
  custom:audio-encoder-webm-vorbis: bf7c407c2cedff20999df2af8eb42d56 -> 
========================================================================
Received Import Request.
  Time since last request: 34.586693 seconds.
  path: Assets/Source/Code/Modules/Map
  artifactKey: Guid(7f360f41bea4a4fd9b709da50529c6bf) Importer(815301076,1909f56bfc062723c751e8b465ee728b)
Start importing Assets/Source/Code/Modules/Map using Guid(7f360f41bea4a4fd9b709da50529c6bf) Importer(815301076,1909f56bfc062723c751e8b465ee728b)  -> (artifact id: '11de2d9f810908dbcb01e230a03640a3') in 0.006793 seconds 
  Import took 0.014266 seconds .

========================================================================
Received Import Request.
  Time since last request: 0.467645 seconds.
  path: Assets/Source/Code/Modules/Player
  artifactKey: Guid(d72c947302d61bb40864cb5fe3cb7c24) Importer(815301076,1909f56bfc062723c751e8b465ee728b)
Start importing Assets/Source/Code/Modules/Player using Guid(d72c947302d61bb40864cb5fe3cb7c24) Importer(815301076,1909f56bfc062723c751e8b465ee728b)  -> (artifact id: 'efd46d283ff51515e1e3dad07318d854') in 0.002341 seconds 
  Import took 0.008233 seconds .

AssetImportWorkerClient::OnTransportError - code=2 error=End of file
