Unity Editor version:    2020.3.27f1 (e759542391ea)
Branch:                  2020.3/release
Build type:              Release
Batch mode:              YES
macOS version:           Version 11.7.8 (Build 20G1351)
Darwin version:          20.6.0
Architecture:            x86_64
Running under Rosetta:   NO
Available memory:        16384 MB
Using pre-set license
Pro License: NO

COMMAND LINE ARGUMENTS:
/Applications/Unity/Hub/Editor/2020.3.27f1/Unity.app/Contents/MacOS/Unity
-adb2
-batchMode
-noUpm
-name
AssetImportWorker0
-projectPath
/Users/xavierarpa/UniFluxShowcaseProject
-logFile
Logs/AssetImportWorker0.log
-srvPort
61595
Successfully changed project path to: /Users/xavierarpa/UniFluxShowcaseProject
/Users/xavierarpa/UniFluxShowcaseProject
Using Asset Import Pipeline V2.
Refreshing native plugins compatible for Editor in 26.65 ms, found 0 plugins.
Preloading 0 native plugins for Editor in 0.00 ms.
Initialize engine version: 2020.3.27f1 (e759542391ea)
[Subsystems] Discovering subsystems at path /Applications/Unity/Hub/Editor/2020.3.27f1/Unity.app/Contents/Resources/UnitySubsystems
[Subsystems] Discovering subsystems at path /Users/xavierarpa/UniFluxShowcaseProject/Assets
GfxDevice: creating device client; threaded=0
2023-07-25 02:59:16.249 Unity[14099:430428] Color LCD preferred device: Intel Iris Graphics (low power)
2023-07-25 02:59:16.249 Unity[14099:430428] Metal devices available: 1
2023-07-25 02:59:16.249 Unity[14099:430428] 0: Intel Iris Graphics (low power)
2023-07-25 02:59:16.250 Unity[14099:430428] Using device Intel Iris Graphics (low power)
Initializing Metal device caps: Intel Iris Graphics
Initialize mono
Mono path[0] = '/Applications/Unity/Hub/Editor/2020.3.27f1/Unity.app/Contents/Managed'
Mono path[1] = '/Applications/Unity/Hub/Editor/2020.3.27f1/Unity.app/Contents/MonoBleedingEdge/lib/mono/unityjit'
Mono config path = '/Applications/Unity/Hub/Editor/2020.3.27f1/Unity.app/Contents/MonoBleedingEdge/etc'
Using monoOptions --debugger-agent=transport=dt_socket,embedding=1,server=y,suspend=n,address=127.0.0.1:56099
Begin MonoManager ReloadAssembly
Registering precompiled unity dll's ...
Register platform support module: /Applications/Unity/Hub/Editor/2020.3.27f1/PlaybackEngines/WebGLSupport/UnityEditor.WebGL.Extensions.dll
Register platform support module: /Applications/Unity/Hub/Editor/2020.3.27f1/Unity.app/Contents/PlaybackEngines/MacStandaloneSupport/UnityEditor.OSXStandalone.Extensions.dll
Register platform support module: /Applications/Unity/Hub/Editor/2020.3.27f1/PlaybackEngines/WindowsStandaloneSupport/UnityEditor.WindowsStandalone.Extensions.dll
Registered in 0.004012 seconds.
Native extension for WindowsStandalone target not found
Native extension for OSXStandalone target not found
Native extension for WebGL target not found
Refreshing native plugins compatible for Editor in 28.97 ms, found 0 plugins.
Preloading 0 native plugins for Editor in 0.00 ms.
Mono: successfully reloaded assembly
- Completed reload, in  1.165 seconds
Domain Reload Profiling:
	ReloadAssembly (1166ms)
		BeginReloadAssembly (188ms)
			ExecutionOrderSort (0ms)
			DisableScriptedObjects (0ms)
			BackupInstance (0ms)
			ReleaseScriptingObjects (0ms)
			CreateAndSetChildDomain (1ms)
		EndReloadAssembly (821ms)
			LoadAssemblies (192ms)
			RebuildTransferFunctionScriptingTraits (0ms)
			SetupTypeCache (286ms)
			ReleaseScriptCaches (0ms)
			RebuildScriptCaches (86ms)
			SetupLoadedEditorAssemblies (295ms)
				LogAssemblyErrors (0ms)
				InitializePlatformSupportModulesInManaged (8ms)
				SetLoadedEditorAssemblies (0ms)
				RefreshPlugins (29ms)
				BeforeProcessingInitializeOnLoad (16ms)
				ProcessInitializeOnLoadAttributes (196ms)
				ProcessInitializeOnLoadMethodAttributes (45ms)
				AfterProcessingInitializeOnLoad (0ms)
				EditorAssembliesLoaded (0ms)
			ExecutionOrderSort2 (0ms)
			AwakeInstancesAfterBackupRestoration (0ms)
Platform modules already initialized, skipping
Registering precompiled user dll's ...
Registered in 0.001757 seconds.
Begin MonoManager ReloadAssembly
Native extension for WindowsStandalone target not found
Native extension for OSXStandalone target not found
Native extension for WebGL target not found
Refreshing native plugins compatible for Editor in 51.20 ms, found 0 plugins.
Preloading 0 native plugins for Editor in 0.00 ms.
Mono: successfully reloaded assembly
- Completed reload, in  1.957 seconds
Domain Reload Profiling:
	ReloadAssembly (1958ms)
		BeginReloadAssembly (311ms)
			ExecutionOrderSort (0ms)
			DisableScriptedObjects (7ms)
			BackupInstance (0ms)
			ReleaseScriptingObjects (0ms)
			CreateAndSetChildDomain (74ms)
		EndReloadAssembly (1549ms)
			LoadAssemblies (183ms)
			RebuildTransferFunctionScriptingTraits (0ms)
			SetupTypeCache (410ms)
			ReleaseScriptCaches (1ms)
			RebuildScriptCaches (78ms)
			SetupLoadedEditorAssemblies (453ms)
				LogAssemblyErrors (0ms)
				InitializePlatformSupportModulesInManaged (34ms)
				SetLoadedEditorAssemblies (0ms)
				RefreshPlugins (51ms)
				BeforeProcessingInitializeOnLoad (108ms)
				ProcessInitializeOnLoadAttributes (245ms)
				ProcessInitializeOnLoadMethodAttributes (9ms)
				AfterProcessingInitializeOnLoad (5ms)
				EditorAssembliesLoaded (0ms)
			ExecutionOrderSort2 (0ms)
			AwakeInstancesAfterBackupRestoration (13ms)
Platform modules already initialized, skipping
Validating Project structure ... 0.005265 seconds.
Shader import version has changed; will reimport all shaders...
Upgrading shader files ...0.002572 seconds.
Application.AssetDatabase Initial Script Refresh Start
RefreshInfo: InitialScriptRefreshV2(NoUpdateAssetOptions) scanfilter:  ... 1 filters
RefreshProfiler: Total: 0.000ms
Application.AssetDatabase Initial Script Refresh End
Application.AssetDatabase.Refresh Start
Application.AssetDatabase.Refresh End
RefreshInfo: StopAssetImportingV2(ForceSynchronousImport) scanfilter: 
RefreshProfiler: Total: 0.000ms
Launching external process: /Applications/Unity/Hub/Editor/2020.3.27f1/Unity.app/Contents/Tools/UnityShaderCompiler
Launched and connected shader compiler UnityShaderCompiler after 0.03 seconds
Initializing Unity extensions:
========================================================================
Worker process is ready to serve import requests
Refreshing native plugins compatible for Editor in 0.33 ms, found 0 plugins.
Preloading 0 native plugins for Editor in 0.00 ms.
Unloading 1533 Unused Serialized files (Serialized files now loaded: 0)
System memory in use before: 181.1 MB.
System memory in use after: 180.3 MB.

Unloading 110 unused Assets to reduce memory usage. Loaded Objects now: 2011.
Total: 4.381517 ms (FindLiveObjects: 0.238559 ms CreateObjectMapping: 0.147085 ms MarkObjects: 3.322676 ms  DeleteObjects: 0.671823 ms)

AssetImportParameters requested are different than current active one (requested -> active):
  custom:video-decoder-ogg-theora: a1e56fd34408186e4bbccfd4996cb3dc -> 
  custom:container-muxer-webm: aa71ff27fc2769a1b78a27578f13a17b -> 
  custom:container-demuxer-webm: 4f35f7cbe854078d1ac9338744f61a02 -> 
  custom:container-demuxer-ogg: 62fdf1f143b41e24485cea50d1cbac27 -> 
  custom:video-encoder-webm-vp8: eb34c28f22e8b96e1ab97ce403110664 -> 
  custom:framework-osx-AVFoundation: e770b220cccbd017edd2c1fefb359320 -> 
  custom:video-decoder-webm-vp8: 9c59270c3fd7afecdb556c50c9e8de78 -> 
  custom:audio-decoder-ogg-vorbis: bf7c407c2cedff20999df2af8eb42d56 -> 
  custom:audio-encoder-webm-vorbis: bf7c407c2cedff20999df2af8eb42d56 -> 
========================================================================
Received Import Request.
  path: Assets/Source/Code/Modules/Bootstrap/Bootstrap.unity
  artifactKey: Guid(e3a6271214e6d48069e20bf8280db1ec) Importer(815301076,1909f56bfc062723c751e8b465ee728b)
Start importing Assets/Source/Code/Modules/Bootstrap/Bootstrap.unity using Guid(e3a6271214e6d48069e20bf8280db1ec) Importer(815301076,1909f56bfc062723c751e8b465ee728b)  -> (artifact id: '56a4b9ed5a8a4d1d639c96a8728657f2') in 0.016529 seconds 
  Import took 0.021253 seconds .

========================================================================
Received Import Request.
  Time since last request: 0.000450 seconds.
  path: Assets/Source/Code/Modules/Bootstrap
  artifactKey: Guid(81ca5b7fb71d24a469177b5a5cfc2322) Importer(815301076,1909f56bfc062723c751e8b465ee728b)
Start importing Assets/Source/Code/Modules/Bootstrap using Guid(81ca5b7fb71d24a469177b5a5cfc2322) Importer(815301076,1909f56bfc062723c751e8b465ee728b)  -> (artifact id: 'c8faa23973fb3bef270976a367f3cc20') in 0.003404 seconds 
  Import took 0.013701 seconds .

========================================================================
Received Import Request.
  Time since last request: 0.003253 seconds.
  path: Assets/Source/Code/Modules/Bootstrap/Bootstrap.asmdef
  artifactKey: Guid(6cbea84aa9a914e809d243d379233909) Importer(815301076,1909f56bfc062723c751e8b465ee728b)
Start importing Assets/Source/Code/Modules/Bootstrap/Bootstrap.asmdef using Guid(6cbea84aa9a914e809d243d379233909) Importer(815301076,1909f56bfc062723c751e8b465ee728b)  -> (artifact id: 'd8e82ddc1def744292572f4cf28036c3') in 1.300859 seconds 
  Import took 1.316726 seconds .

========================================================================
Received Import Request.
  Time since last request: 0.000502 seconds.
  path: Assets/Source/Code/Modules
  artifactKey: Guid(ac61c476a4c564ffbb93f63a6202c9ba) Importer(815301076,1909f56bfc062723c751e8b465ee728b)
Start importing Assets/Source/Code/Modules using Guid(ac61c476a4c564ffbb93f63a6202c9ba) Importer(815301076,1909f56bfc062723c751e8b465ee728b)  -> (artifact id: '4bcfff668c622853a3db95364c70c1b1') in 0.001304 seconds 
  Import took 0.004584 seconds .

========================================================================
Received Import Request.
  Time since last request: 0.000511 seconds.
  path: Assets/Source
  artifactKey: Guid(992bca00dcb64468794363b53b89cf11) Importer(815301076,1909f56bfc062723c751e8b465ee728b)
Start importing Assets/Source using Guid(992bca00dcb64468794363b53b89cf11) Importer(815301076,1909f56bfc062723c751e8b465ee728b)  -> (artifact id: '96420d814712d09c36f137e38c3c1de6') in 0.001209 seconds 
  Import took 0.005355 seconds .

========================================================================
Received Import Request.
  Time since last request: 0.000432 seconds.
  path: Assets/Source/Code
  artifactKey: Guid(20863f7535e3f48d0b6d4a4cf3bd96bd) Importer(815301076,1909f56bfc062723c751e8b465ee728b)
Start importing Assets/Source/Code using Guid(20863f7535e3f48d0b6d4a4cf3bd96bd) Importer(815301076,1909f56bfc062723c751e8b465ee728b)  -> (artifact id: '637d0f4b22d2d19d2d661fcfdf0e818b') in 0.001957 seconds 
  Import took 0.007227 seconds .

========================================================================
Received Prepare
Registering precompiled user dll's ...
Registered in 0.001196 seconds.
Begin MonoManager ReloadAssembly
Native extension for WindowsStandalone target not found
Native extension for OSXStandalone target not found
Native extension for WebGL target not found
Refreshing native plugins compatible for Editor in 0.33 ms, found 0 plugins.
Preloading 0 native plugins for Editor in 0.00 ms.
Mono: successfully reloaded assembly
- Completed reload, in  1.792 seconds
Domain Reload Profiling:
	ReloadAssembly (1792ms)
		BeginReloadAssembly (246ms)
			ExecutionOrderSort (0ms)
			DisableScriptedObjects (7ms)
			BackupInstance (0ms)
			ReleaseScriptingObjects (0ms)
			CreateAndSetChildDomain (72ms)
		EndReloadAssembly (1432ms)
			LoadAssemblies (253ms)
			RebuildTransferFunctionScriptingTraits (0ms)
			SetupTypeCache (413ms)
			ReleaseScriptCaches (2ms)
			RebuildScriptCaches (176ms)
			SetupLoadedEditorAssemblies (322ms)
				LogAssemblyErrors (0ms)
				InitializePlatformSupportModulesInManaged (11ms)
				SetLoadedEditorAssemblies (1ms)
				RefreshPlugins (0ms)
				BeforeProcessingInitializeOnLoad (116ms)
				ProcessInitializeOnLoadAttributes (184ms)
				ProcessInitializeOnLoadMethodAttributes (7ms)
				AfterProcessingInitializeOnLoad (2ms)
				EditorAssembliesLoaded (0ms)
			ExecutionOrderSort2 (0ms)
			AwakeInstancesAfterBackupRestoration (10ms)
Platform modules already initialized, skipping
Refreshing native plugins compatible for Editor in 0.32 ms, found 0 plugins.
Preloading 0 native plugins for Editor in 0.00 ms.
Unloading 1472 Unused Serialized files (Serialized files now loaded: 0)
System memory in use before: 179.6 MB.
System memory in use after: 179.7 MB.

Unloading 1 unused Assets to reduce memory usage. Loaded Objects now: 2011.
Total: 3.894049 ms (FindLiveObjects: 0.191261 ms CreateObjectMapping: 0.138155 ms MarkObjects: 3.546355 ms  DeleteObjects: 0.017144 ms)

AssetImportParameters requested are different than current active one (requested -> active):
  custom:video-decoder-ogg-theora: a1e56fd34408186e4bbccfd4996cb3dc -> 
  custom:container-muxer-webm: aa71ff27fc2769a1b78a27578f13a17b -> 
  custom:container-demuxer-webm: 4f35f7cbe854078d1ac9338744f61a02 -> 
  custom:container-demuxer-ogg: 62fdf1f143b41e24485cea50d1cbac27 -> 
  custom:video-encoder-webm-vp8: eb34c28f22e8b96e1ab97ce403110664 -> 
  custom:framework-osx-AVFoundation: e770b220cccbd017edd2c1fefb359320 -> 
  custom:video-decoder-webm-vp8: 9c59270c3fd7afecdb556c50c9e8de78 -> 
  custom:audio-decoder-ogg-vorbis: bf7c407c2cedff20999df2af8eb42d56 -> 
  custom:audio-encoder-webm-vorbis: bf7c407c2cedff20999df2af8eb42d56 -> 
========================================================================
Received Import Request.
  Time since last request: 254.621690 seconds.
  path: Assets/Source/Code/Modules/Map
  artifactKey: Guid(7f360f41bea4a4fd9b709da50529c6bf) Importer(815301076,1909f56bfc062723c751e8b465ee728b)
Start importing Assets/Source/Code/Modules/Map using Guid(7f360f41bea4a4fd9b709da50529c6bf) Importer(815301076,1909f56bfc062723c751e8b465ee728b)  -> (artifact id: '11de2d9f810908dbcb01e230a03640a3') in 0.009703 seconds 
  Import took 0.016418 seconds .

========================================================================
Received Import Request.
  Time since last request: 0.379068 seconds.
  path: Assets/Source/Code/Modules/Player
  artifactKey: Guid(d72c947302d61bb40864cb5fe3cb7c24) Importer(815301076,1909f56bfc062723c751e8b465ee728b)
Start importing Assets/Source/Code/Modules/Player using Guid(d72c947302d61bb40864cb5fe3cb7c24) Importer(815301076,1909f56bfc062723c751e8b465ee728b)  -> (artifact id: 'efd46d283ff51515e1e3dad07318d854') in 0.002276 seconds 
  Import took 0.015537 seconds .

========================================================================
Received Import Request.
  Time since last request: 0.186587 seconds.
  path: Assets/Source/Code/Service
  artifactKey: Guid(68d1e3e5a328b4293bfeb78ac67cce61) Importer(815301076,1909f56bfc062723c751e8b465ee728b)
Start importing Assets/Source/Code/Service using Guid(68d1e3e5a328b4293bfeb78ac67cce61) Importer(815301076,1909f56bfc062723c751e8b465ee728b)  -> (artifact id: 'a975c39fe1c2a9a40f055cbdd5c405c1') in 0.002755 seconds 
  Import took 0.015935 seconds .

========================================================================
Received Import Request.
  Time since last request: 1.049373 seconds.
  path: Assets/Source/ScriptableObjects
  artifactKey: Guid(0735c275001a2c84dafdb30deced5d8d) Importer(815301076,1909f56bfc062723c751e8b465ee728b)
Start importing Assets/Source/ScriptableObjects using Guid(0735c275001a2c84dafdb30deced5d8d) Importer(815301076,1909f56bfc062723c751e8b465ee728b)  -> (artifact id: '60841aa7fc4bbe34f59678e6483d532b') in 0.003928 seconds 
  Import took 0.013543 seconds .

========================================================================
Received Prepare
Registering precompiled user dll's ...
Registered in 0.000660 seconds.
Begin MonoManager ReloadAssembly
Native extension for WindowsStandalone target not found
Native extension for OSXStandalone target not found
Native extension for WebGL target not found
Refreshing native plugins compatible for Editor in 0.34 ms, found 0 plugins.
Preloading 0 native plugins for Editor in 0.00 ms.
Mono: successfully reloaded assembly
- Completed reload, in  1.608 seconds
Domain Reload Profiling:
	ReloadAssembly (1609ms)
		BeginReloadAssembly (235ms)
			ExecutionOrderSort (0ms)
			DisableScriptedObjects (10ms)
			BackupInstance (0ms)
			ReleaseScriptingObjects (0ms)
			CreateAndSetChildDomain (125ms)
		EndReloadAssembly (1200ms)
			LoadAssemblies (224ms)
			RebuildTransferFunctionScriptingTraits (0ms)
			SetupTypeCache (384ms)
			ReleaseScriptCaches (1ms)
			RebuildScriptCaches (62ms)
			SetupLoadedEditorAssemblies (313ms)
				LogAssemblyErrors (0ms)
				InitializePlatformSupportModulesInManaged (8ms)
				SetLoadedEditorAssemblies (1ms)
				RefreshPlugins (0ms)
				BeforeProcessingInitializeOnLoad (119ms)
				ProcessInitializeOnLoadAttributes (176ms)
				ProcessInitializeOnLoadMethodAttributes (6ms)
				AfterProcessingInitializeOnLoad (2ms)
				EditorAssembliesLoaded (1ms)
			ExecutionOrderSort2 (0ms)
			AwakeInstancesAfterBackupRestoration (10ms)
Platform modules already initialized, skipping
Refreshing native plugins compatible for Editor in 0.31 ms, found 0 plugins.
Preloading 0 native plugins for Editor in 0.00 ms.
Unloading 1472 Unused Serialized files (Serialized files now loaded: 0)
System memory in use before: 180.0 MB.
System memory in use after: 180.1 MB.

Unloading 1 unused Assets to reduce memory usage. Loaded Objects now: 2011.
Total: 4.032995 ms (FindLiveObjects: 0.218611 ms CreateObjectMapping: 0.128323 ms MarkObjects: 3.663276 ms  DeleteObjects: 0.021498 ms)

AssetImportParameters requested are different than current active one (requested -> active):
  custom:video-decoder-ogg-theora: a1e56fd34408186e4bbccfd4996cb3dc -> 
  custom:container-muxer-webm: aa71ff27fc2769a1b78a27578f13a17b -> 
  custom:container-demuxer-webm: 4f35f7cbe854078d1ac9338744f61a02 -> 
  custom:container-demuxer-ogg: 62fdf1f143b41e24485cea50d1cbac27 -> 
  custom:video-encoder-webm-vp8: eb34c28f22e8b96e1ab97ce403110664 -> 
  custom:framework-osx-AVFoundation: e770b220cccbd017edd2c1fefb359320 -> 
  custom:video-decoder-webm-vp8: 9c59270c3fd7afecdb556c50c9e8de78 -> 
  custom:audio-decoder-ogg-vorbis: bf7c407c2cedff20999df2af8eb42d56 -> 
  custom:audio-encoder-webm-vorbis: bf7c407c2cedff20999df2af8eb42d56 -> 
========================================================================
Received Import Request.
  Time since last request: 643.713123 seconds.
  path: Assets/Plugin
  artifactKey: Guid(b0e0eb1c607ed4f7b816c23839901c47) Importer(815301076,1909f56bfc062723c751e8b465ee728b)
Start importing Assets/Plugin using Guid(b0e0eb1c607ed4f7b816c23839901c47) Importer(815301076,1909f56bfc062723c751e8b465ee728b)  -> (artifact id: '3d315a427c9c1cac1214c7e29d1f5691') in 0.004899 seconds 
  Import took 0.013300 seconds .

========================================================================
Received Import Request.
  Time since last request: 10.826781 seconds.
  path: Assets/Plugin/UniFlux.Input
  artifactKey: Guid(e6ff9c864cac846d0abc553e05fcfe25) Importer(815301076,1909f56bfc062723c751e8b465ee728b)
Start importing Assets/Plugin/UniFlux.Input using Guid(e6ff9c864cac846d0abc553e05fcfe25) Importer(815301076,1909f56bfc062723c751e8b465ee728b)  -> (artifact id: '743de2af7429e6206688b741d7d707f2') in 0.013001 seconds 
  Import took 0.021816 seconds .

========================================================================
Received Import Request.
  Time since last request: 0.839433 seconds.
  path: Assets/Plugin/UniFlux 1.Input
  artifactKey: Guid(d1175b5b056834847ad0c1a664cac51a) Importer(815301076,1909f56bfc062723c751e8b465ee728b)
Start importing Assets/Plugin/UniFlux 1.Input using Guid(d1175b5b056834847ad0c1a664cac51a) Importer(815301076,1909f56bfc062723c751e8b465ee728b)  -> (artifact id: '0d6174cdf55ea080da6e076c7a18cfa1') in 0.003175 seconds 
  Import took 0.007692 seconds .

========================================================================
Received Import Request.
  Time since last request: 4.304445 seconds.
  path: Assets/Plugin/UniFlux.Scene
  artifactKey: Guid(d1175b5b056834847ad0c1a664cac51a) Importer(815301076,1909f56bfc062723c751e8b465ee728b)
Start importing Assets/Plugin/UniFlux.Scene using Guid(d1175b5b056834847ad0c1a664cac51a) Importer(815301076,1909f56bfc062723c751e8b465ee728b)  -> (artifact id: '5df3579b177b3e47b26758b28c682662') in 0.005888 seconds 
  Import took 0.013526 seconds .

========================================================================
Received Prepare
Registering precompiled user dll's ...
Registered in 0.000535 seconds.
Begin MonoManager ReloadAssembly
Native extension for WindowsStandalone target not found
Native extension for OSXStandalone target not found
Native extension for WebGL target not found
Refreshing native plugins compatible for Editor in 0.32 ms, found 0 plugins.
Preloading 0 native plugins for Editor in 0.00 ms.
Mono: successfully reloaded assembly
- Completed reload, in  1.447 seconds
Domain Reload Profiling:
	ReloadAssembly (1447ms)
		BeginReloadAssembly (220ms)
			ExecutionOrderSort (0ms)
			DisableScriptedObjects (14ms)
			BackupInstance (0ms)
			ReleaseScriptingObjects (0ms)
			CreateAndSetChildDomain (81ms)
		EndReloadAssembly (1084ms)
			LoadAssemblies (159ms)
			RebuildTransferFunctionScriptingTraits (0ms)
			SetupTypeCache (357ms)
			ReleaseScriptCaches (1ms)
			RebuildScriptCaches (62ms)
			SetupLoadedEditorAssemblies (321ms)
				LogAssemblyErrors (0ms)
				InitializePlatformSupportModulesInManaged (9ms)
				SetLoadedEditorAssemblies (1ms)
				RefreshPlugins (0ms)
				BeforeProcessingInitializeOnLoad (128ms)
				ProcessInitializeOnLoadAttributes (175ms)
				ProcessInitializeOnLoadMethodAttributes (6ms)
				AfterProcessingInitializeOnLoad (2ms)
				EditorAssembliesLoaded (0ms)
			ExecutionOrderSort2 (0ms)
			AwakeInstancesAfterBackupRestoration (12ms)
Platform modules already initialized, skipping
Refreshing native plugins compatible for Editor in 0.30 ms, found 0 plugins.
Preloading 0 native plugins for Editor in 0.00 ms.
Unloading 1472 Unused Serialized files (Serialized files now loaded: 0)
System memory in use before: 180.3 MB.
System memory in use after: 180.4 MB.

Unloading 1 unused Assets to reduce memory usage. Loaded Objects now: 2011.
Total: 3.947364 ms (FindLiveObjects: 0.210958 ms CreateObjectMapping: 0.154562 ms MarkObjects: 3.564943 ms  DeleteObjects: 0.015695 ms)

AssetImportParameters requested are different than current active one (requested -> active):
  custom:video-decoder-ogg-theora: a1e56fd34408186e4bbccfd4996cb3dc -> 
  custom:container-muxer-webm: aa71ff27fc2769a1b78a27578f13a17b -> 
  custom:container-demuxer-webm: 4f35f7cbe854078d1ac9338744f61a02 -> 
  custom:container-demuxer-ogg: 62fdf1f143b41e24485cea50d1cbac27 -> 
  custom:video-encoder-webm-vp8: eb34c28f22e8b96e1ab97ce403110664 -> 
  custom:framework-osx-AVFoundation: e770b220cccbd017edd2c1fefb359320 -> 
  custom:video-decoder-webm-vp8: 9c59270c3fd7afecdb556c50c9e8de78 -> 
  custom:audio-decoder-ogg-vorbis: bf7c407c2cedff20999df2af8eb42d56 -> 
  custom:audio-encoder-webm-vorbis: bf7c407c2cedff20999df2af8eb42d56 -> 
